[2019-06-25 18:55:22] local.ERROR: PDOException: SQLSTATE[HY000] [1045] Access denied for user 'homestead'@'localhost' (using password: YES) in C:\Users\Yassine Ben Slimane\Sites\kylogger\vendor\doctrine\dbal\lib\Doctrine\DBAL\Driver\PDOConnection.php:43
Stack trace:
#0 C:\Users\Yassine Ben Slimane\Sites\kylogger\vendor\doctrine\dbal\lib\Doctrine\DBAL\Driver\PDOConnection.php(43): PDO->__construct('mysql:host=127....', 'homestead', 'secret', Array)
#1 C:\Users\Yassine Ben Slimane\Sites\kylogger\vendor\laravel\framework\src\Illuminate\Database\Connectors\Connector.php(116): Doctrine\DBAL\Driver\PDOConnection->__construct('mysql:host=127....', 'homestead', 'secret', Array)
#2 C:\Users\Yassine Ben Slimane\Sites\kylogger\vendor\laravel\framework\src\Illuminate\Database\Connectors\Connector.php(56): Illuminate\Database\Connectors\Connector->createPdoConnection('mysql:host=127....', 'homestead', 'secret', Array)
#3 C:\Users\Yassine Ben Slimane\Sites\kylogger\vendor\laravel\framework\src\Illuminate\Database\Connectors\MySqlConnector.php(24): Illuminate\Database\Connectors\Connector->createConnection('mysql:host=127....', Array, Array)
#4 C:\Users\Yassine Ben Slimane\Sites\kylogger\vendor\laravel\framework\src\Illuminate\Database\Connectors\ConnectionFactory.php(126): Illuminate\Database\Connectors\MySqlConnector->connect(Array)
#5 [internal function]: Illuminate\Database\Connectors\ConnectionFactory->Illuminate\Database\Connectors\{closure}()
#6 C:\Users\Yassine Ben Slimane\Sites\kylogger\vendor\laravel\framework\src\Illuminate\Database\Connection.php(965): call_user_func(Object(Closure))
#7 C:\Users\Yassine Ben Slimane\Sites\kylogger\vendor\laravel\framework\src\Illuminate\Database\Connection.php(986): Illuminate\Database\Connection->getPdo()
#8 C:\Users\Yassine Ben Slimane\Sites\kylogger\vendor\laravel\framework\src\Illuminate\Database\Connection.php(423): Illuminate\Database\Connection->getReadPdo()
#9 C:\Users\Yassine Ben Slimane\Sites\kylogger\vendor\laravel\framework\src\Illuminate\Database\Connection.php(333): Illuminate\Database\Connection->getPdoForSelect(true)
#10 C:\Users\Yassine Ben Slimane\Sites\kylogger\vendor\laravel\framework\src\Illuminate\Database\Connection.php(763): Illuminate\Database\Connection->Illuminate\Database\{closure}(Object(Illuminate\Database\MySqlConnection), 'select * from `...', Array)
#11 C:\Users\Yassine Ben Slimane\Sites\kylogger\vendor\laravel\framework\src\Illuminate\Database\Connection.php(726): Illuminate\Database\Connection->runQueryCallback('select * from `...', Array, Object(Closure))
#12 C:\Users\Yassine Ben Slimane\Sites\kylogger\vendor\laravel\framework\src\Illuminate\Database\Connection.php(351): Illuminate\Database\Connection->run('select * from `...', Array, Object(Closure))
#13 C:\Users\Yassine Ben Slimane\Sites\kylogger\vendor\laravel\framework\src\Illuminate\Database\Query\Builder.php(1648): Illuminate\Database\Connection->select('select * from `...', Array, true)
#14 C:\Users\Yassine Ben Slimane\Sites\kylogger\vendor\laravel\framework\src\Illuminate\Database\Query\Builder.php(1634): Illuminate\Database\Query\Builder->runSelect()
#15 C:\Users\Yassine Ben Slimane\Sites\kylogger\vendor\laravel\framework\src\Illuminate\Database\Eloquent\Builder.php(638): Illuminate\Database\Query\Builder->get(Array)
#16 C:\Users\Yassine Ben Slimane\Sites\kylogger\vendor\laravel\framework\src\Illuminate\Database\Eloquent\Builder.php(327): Illuminate\Database\Eloquent\Builder->getModels(Array)
#17 C:\Users\Yassine Ben Slimane\Sites\kylogger\vendor\laravel\framework\src\Illuminate\Database\Eloquent\Builder.php(297): Illuminate\Database\Eloquent\Builder->get(Array)
#18 C:\Users\Yassine Ben Slimane\Sites\kylogger\vendor\laravel\framework\src\Illuminate\Auth\EloquentUserProvider.php(104): Illuminate\Database\Eloquent\Builder->first()
#19 C:\Users\Yassine Ben Slimane\Sites\kylogger\vendor\laravel\framework\src\Illuminate\Auth\SessionGuard.php(353): Illuminate\Auth\EloquentUserProvider->retrieveByCredentials(Array)
#20 C:\Users\Yassine Ben Slimane\Sites\kylogger\vendor\laravel\framework\src\Illuminate\Foundation\Auth\AuthenticatesUsers.php(76): Illuminate\Auth\SessionGuard->attempt(Array, false)
#21 C:\Users\Yassine Ben Slimane\Sites\kylogger\vendor\laravel\framework\src\Illuminate\Foundation\Auth\AuthenticatesUsers.php(42): App\Http\Controllers\Frontend\Auth\LoginController->attemptLogin(Object(Illuminate\Http\Request))
#22 [internal function]: App\Http\Controllers\Frontend\Auth\LoginController->login(Object(Illuminate\Http\Request))
#23 C:\Users\Yassine Ben Slimane\Sites\kylogger\vendor\laravel\framework\src\Illuminate\Routing\Controller.php(55): call_user_func_array(Array, Array)
#24 C:\Users\Yassine Ben Slimane\Sites\kylogger\vendor\laravel\framework\src\Illuminate\Routing\ControllerDispatcher.php(44): Illuminate\Routing\Controller->callAction('login', Array)
#25 C:\Users\Yassine Ben Slimane\Sites\kylogger\vendor\laravel\framework\src\Illuminate\Routing\Route.php(189): Illuminate\Routing\ControllerDispatcher->dispatch(Object(Illuminate\Routing\Route), Object(App\Http\Controllers\Frontend\Auth\LoginController), 'login')
#26 C:\Users\Yassine Ben Slimane\Sites\kylogger\vendor\laravel\framework\src\Illuminate\Routing\Route.php(144): Illuminate\Routing\Route->runController()
#27 C:\Users\Yassine Ben Slimane\Sites\kylogger\vendor\laravel\framework\src\Illuminate\Routing\Router.php(653): Illuminate\Routing\Route->run(Object(Illuminate\Http\Request))
#28 C:\Users\Yassine Ben Slimane\Sites\kylogger\vendor\laravel\framework\src\Illuminate\Routing\Pipeline.php(53): Illuminate\Routing\Router->Illuminate\Routing\{closure}(Object(Illuminate\Http\Request))
#29 C:\Users\Yassine Ben Slimane\Sites\kylogger\app\Http\Middleware\RedirectIfAuthenticated.php(28): Illuminate\Routing\Pipeline->Illuminate\Routing\{closure}(Object(Illuminate\Http\Request))
#30 C:\Users\Yassine Ben Slimane\Sites\kylogger\vendor\laravel\framework\src\Illuminate\Pipeline\Pipeline.php(137): App\Http\Middleware\RedirectIfAuthenticated->handle(Object(Illuminate\Http\Request), Object(Closure))
#31 C:\Users\Yassine Ben Slimane\Sites\kylogger\vendor\laravel\framework\src\Illuminate\Routing\Pipeline.php(33): Illuminate\Pipeline\Pipeline->Illuminate\Pipeline\{closure}(Object(Illuminate\Http\Request))
#32 C:\Users\Yassine Ben Slimane\Sites\kylogger\app\Http\Middleware\LocaleMiddleware.php(57): Illuminate\Routing\Pipeline->Illuminate\Routing\{closure}(Object(Illuminate\Http\Request))
#33 C:\Users\Yassine Ben Slimane\Sites\kylogger\vendor\laravel\framework\src\Illuminate\Pipeline\Pipeline.php(137): App\Http\Middleware\LocaleMiddleware->handle(Object(Illuminate\Http\Request), Object(Closure))
#34 C:\Users\Yassine Ben Slimane\Sites\kylogger\vendor\laravel\framework\src\Illuminate\Routing\Pipeline.php(33): Illuminate\Pipeline\Pipeline->Illuminate\Pipeline\{closure}(Object(Illuminate\Http\Request))
#35 C:\Users\Yassine Ben Slimane\Sites\kylogger\vendor\laravel\framework\src\Illuminate\Routing\Middleware\SubstituteBindings.php(41): Illuminate\Routing\Pipeline->Illuminate\Routing\{closure}(Object(Illuminate\Http\Request))
#36 C:\Users\Yassine Ben Slimane\Sites\kylogger\vendor\laravel\framework\src\Illuminate\Pipeline\Pipeline.php(137): Illuminate\Routing\Middleware\SubstituteBindings->handle(Object(Illuminate\Http\Request), Object(Closure))
#37 C:\Users\Yassine Ben Slimane\Sites\kylogger\vendor\laravel\framework\src\Illuminate\Routing\Pipeline.php(33): Illuminate\Pipeline\Pipeline->Illuminate\Pipeline\{closure}(Object(Illuminate\Http\Request))
#38 C:\Users\Yassine Ben Slimane\Sites\kylogger\vendor\laravel\framework\src\Illuminate\Foundation\Http\Middleware\VerifyCsrfToken.php(65): Illuminate\Routing\Pipeline->Illuminate\Routing\{closure}(Object(Illuminate\Http\Request))
#39 C:\Users\Yassine Ben Slimane\Sites\kylogger\vendor\laravel\framework\src\Illuminate\Pipeline\Pipeline.php(137): Illuminate\Foundation\Http\Middleware\VerifyCsrfToken->handle(Object(Illuminate\Http\Request), Object(Closure))
#40 C:\Users\Yassine Ben Slimane\Sites\kylogger\vendor\laravel\framework\src\Illuminate\Routing\Pipeline.php(33): Illuminate\Pipeline\Pipeline->Illuminate\Pipeline\{closure}(Object(Illuminate\Http\Request))
#41 C:\Users\Yassine Ben Slimane\Sites\kylogger\vendor\laravel\framework\src\Illuminate\View\Middleware\ShareErrorsFromSession.php(49): Illuminate\Routing\Pipeline->Illuminate\Routing\{closure}(Object(Illuminate\Http\Request))
#42 C:\Users\Yassine Ben Slimane\Sites\kylogger\vendor\laravel\framework\src\Illuminate\Pipeline\Pipeline.php(137): Illuminate\View\Middleware\ShareErrorsFromSession->handle(Object(Illuminate\Http\Request), Object(Closure))
#43 C:\Users\Yassine Ben Slimane\Sites\kylogger\vendor\laravel\framework\src\Illuminate\Routing\Pipeline.php(33): Illuminate\Pipeline\Pipeline->Illuminate\Pipeline\{closure}(Object(Illuminate\Http\Request))
#44 C:\Users\Yassine Ben Slimane\Sites\kylogger\vendor\laravel\framework\src\Illuminate\Session\Middleware\StartSession.php(64): Illuminate\Routing\Pipeline->Illuminate\Routing\{closure}(Object(Illuminate\Http\Request))
#45 C:\Users\Yassine Ben Slimane\Sites\kylogger\vendor\laravel\framework\src\Illuminate\Pipeline\Pipeline.php(137): Illuminate\Session\Middleware\StartSession->handle(Object(Illuminate\Http\Request), Object(Closure))
#46 C:\Users\Yassine Ben Slimane\Sites\kylogger\vendor\laravel\framework\src\Illuminate\Routing\Pipeline.php(33): Illuminate\Pipeline\Pipeline->Illuminate\Pipeline\{closure}(Object(Illuminate\Http\Request))
#47 C:\Users\Yassine Ben Slimane\Sites\kylogger\vendor\laravel\framework\src\Illuminate\Cookie\Middleware\AddQueuedCookiesToResponse.php(37): Illuminate\Routing\Pipeline->Illuminate\Routing\{closure}(Object(Illuminate\Http\Request))
#48 C:\Users\Yassine Ben Slimane\Sites\kylogger\vendor\laravel\framework\src\Illuminate\Pipeline\Pipeline.php(137): Illuminate\Cookie\Middleware\AddQueuedCookiesToResponse->handle(Object(Illuminate\Http\Request), Object(Closure))
#49 C:\Users\Yassine Ben Slimane\Sites\kylogger\vendor\laravel\framework\src\Illuminate\Routing\Pipeline.php(33): Illuminate\Pipeline\Pipeline->Illuminate\Pipeline\{closure}(Object(Illuminate\Http\Request))
#50 C:\Users\Yassine Ben Slimane\Sites\kylogger\vendor\laravel\framework\src\Illuminate\Cookie\Middleware\EncryptCookies.php(59): Illuminate\Routing\Pipeline->Illuminate\Routing\{closure}(Object(Illuminate\Http\Request))
#51 C:\Users\Yassine Ben Slimane\Sites\kylogger\vendor\laravel\framework\src\Illuminate\Pipeline\Pipeline.php(137): Illuminate\Cookie\Middleware\EncryptCookies->handle(Object(Illuminate\Http\Request), Object(Closure))
#52 C:\Users\Yassine Ben Slimane\Sites\kylogger\vendor\laravel\framework\src\Illuminate\Routing\Pipeline.php(33): Illuminate\Pipeline\Pipeline->Illuminate\Pipeline\{closure}(Object(Illuminate\Http\Request))
#53 C:\Users\Yassine Ben Slimane\Sites\kylogger\vendor\laravel\framework\src\Illuminate\Pipeline\Pipeline.php(104): Illuminate\Routing\Pipeline->Illuminate\Routing\{closure}(Object(Illuminate\Http\Request))
#54 C:\Users\Yassine Ben Slimane\Sites\kylogger\vendor\laravel\framework\src\Illuminate\Routing\Router.php(655): Illuminate\Pipeline\Pipeline->then(Object(Closure))
#55 C:\Users\Yassine Ben Slimane\Sites\kylogger\vendor\laravel\framework\src\Illuminate\Routing\Router.php(629): Illuminate\Routing\Router->runRouteWithinStack(Object(Illuminate\Routing\Route), Object(Illuminate\Http\Request))
#56 C:\Users\Yassine Ben Slimane\Sites\kylogger\vendor\laravel\framework\src\Illuminate\Routing\Router.php(607): Illuminate\Routing\Router->dispatchToRoute(Object(Illuminate\Http\Request))
#57 C:\Users\Yassine Ben Slimane\Sites\kylogger\vendor\laravel\framework\src\Illuminate\Foundation\Http\Kernel.php(268): Illuminate\Routing\Router->dispatch(Object(Illuminate\Http\Request))
#58 C:\Users\Yassine Ben Slimane\Sites\kylogger\vendor\laravel\framework\src\Illuminate\Routing\Pipeline.php(53): Illuminate\Foundation\Http\Kernel->Illuminate\Foundation\Http\{closure}(Object(Illuminate\Http\Request))
#59 C:\Users\Yassine Ben Slimane\Sites\kylogger\vendor\barryvdh\laravel-debugbar\src\Middleware\Debugbar.php(51): Illuminate\Routing\Pipeline->Illuminate\Routing\{closure}(Object(Illuminate\Http\Request))
#60 C:\Users\Yassine Ben Slimane\Sites\kylogger\vendor\laravel\framework\src\Illuminate\Pipeline\Pipeline.php(137): Barryvdh\Debugbar\Middleware\Debugbar->handle(Object(Illuminate\Http\Request), Object(Closure))
#61 C:\Users\Yassine Ben Slimane\Sites\kylogger\vendor\laravel\framework\src\Illuminate\Routing\Pipeline.php(33): Illuminate\Pipeline\Pipeline->Illuminate\Pipeline\{closure}(Object(Illuminate\Http\Request))
#62 C:\Users\Yassine Ben Slimane\Sites\kylogger\vendor\laravel\framework\src\Illuminate\Foundation\Http\Middleware\CheckForMaintenanceMode.php(46): Illuminate\Routing\Pipeline->Illuminate\Routing\{closure}(Object(Illuminate\Http\Request))
#63 C:\Users\Yassine Ben Slimane\Sites\kylogger\vendor\laravel\framework\src\Illuminate\Pipeline\Pipeline.php(137): Illuminate\Foundation\Http\Middleware\CheckForMaintenanceMode->handle(Object(Illuminate\Http\Request), Object(Closure))
#64 C:\Users\Yassine Ben Slimane\Sites\kylogger\vendor\laravel\framework\src\Illuminate\Routing\Pipeline.php(33): Illuminate\Pipeline\Pipeline->Illuminate\Pipeline\{closure}(Object(Illuminate\Http\Request))
#65 C:\Users\Yassine Ben Slimane\Sites\kylogger\vendor\laravel\framework\src\Illuminate\Pipeline\Pipeline.php(104): Illuminate\Routing\Pipeline->Illuminate\Routing\{closure}(Object(Illuminate\Http\Request))
#66 C:\Users\Yassine Ben Slimane\Sites\kylogger\vendor\laravel\framework\src\Illuminate\Foundation\Http\Kernel.php(150): Illuminate\Pipeline\Pipeline->then(Object(Closure))
#67 C:\Users\Yassine Ben Slimane\Sites\kylogger\vendor\laravel\framework\src\Illuminate\Foundation\Http\Kernel.php(117): Illuminate\Foundation\Http\Kernel->sendRequestThroughRouter(Object(Illuminate\Http\Request))
#68 C:\Users\Yassine Ben Slimane\Sites\kylogger\public\index.php(52): Illuminate\Foundation\Http\Kernel->handle(Object(Illuminate\Http\Request))
#69 C:\Users\Yassine Ben Slimane\Sites\kylogger\server.php(19): require_once('C:\\Users\\Yassin...')
#70 {main}

Next Doctrine\DBAL\Driver\PDOException: SQLSTATE[HY000] [1045] Access denied for user 'homestead'@'localhost' (using password: YES) in C:\Users\Yassine Ben Slimane\Sites\kylogger\vendor\doctrine\dbal\lib\Doctrine\DBAL\Driver\PDOConnection.php:47
Stack trace:
#0 C:\Users\Yassine Ben Slimane\Sites\kylogger\vendor\laravel\framework\src\Illuminate\Database\Connectors\Connector.php(116): Doctrine\DBAL\Driver\PDOConnection->__construct('mysql:host=127....', 'homestead', 'secret', Array)
#1 C:\Users\Yassine Ben Slimane\Sites\kylogger\vendor\laravel\framework\src\Illuminate\Database\Connectors\Connector.php(56): Illuminate\Database\Connectors\Connector->createPdoConnection('mysql:host=127....', 'homestead', 'secret', Array)
#2 C:\Users\Yassine Ben Slimane\Sites\kylogger\vendor\laravel\framework\src\Illuminate\Database\Connectors\MySqlConnector.php(24): Illuminate\Database\Connectors\Connector->createConnection('mysql:host=127....', Array, Array)
#3 C:\Users\Yassine Ben Slimane\Sites\kylogger\vendor\laravel\framework\src\Illuminate\Database\Connectors\ConnectionFactory.php(126): Illuminate\Database\Connectors\MySqlConnector->connect(Array)
#4 [internal function]: Illuminate\Database\Connectors\ConnectionFactory->Illuminate\Database\Connectors\{closure}()
#5 C:\Users\Yassine Ben Slimane\Sites\kylogger\vendor\laravel\framework\src\Illuminate\Database\Connection.php(965): call_user_func(Object(Closure))
#6 C:\Users\Yassine Ben Slimane\Sites\kylogger\vendor\laravel\framework\src\Illuminate\Database\Connection.php(986): Illuminate\Database\Connection->getPdo()
#7 C:\Users\Yassine Ben Slimane\Sites\kylogger\vendor\laravel\framework\src\Illuminate\Database\Connection.php(423): Illuminate\Database\Connection->getReadPdo()
#8 C:\Users\Yassine Ben Slimane\Sites\kylogger\vendor\laravel\framework\src\Illuminate\Database\Connection.php(333): Illuminate\Database\Connection->getPdoForSelect(true)
#9 C:\Users\Yassine Ben Slimane\Sites\kylogger\vendor\laravel\framework\src\Illuminate\Database\Connection.php(763): Illuminate\Database\Connection->Illuminate\Database\{closure}(Object(Illuminate\Database\MySqlConnection), 'select * from `...', Array)
#10 C:\Users\Yassine Ben Slimane\Sites\kylogger\vendor\laravel\framework\src\Illuminate\Database\Connection.php(726): Illuminate\Database\Connection->runQueryCallback('select * from `...', Array, Object(Closure))
#11 C:\Users\Yassine Ben Slimane\Sites\kylogger\vendor\laravel\framework\src\Illuminate\Database\Connection.php(351): Illuminate\Database\Connection->run('select * from `...', Array, Object(Closure))
#12 C:\Users\Yassine Ben Slimane\Sites\kylogger\vendor\laravel\framework\src\Illuminate\Database\Query\Builder.php(1648): Illuminate\Database\Connection->select('select * from `...', Array, true)
#13 C:\Users\Yassine Ben Slimane\Sites\kylogger\vendor\laravel\framework\src\Illuminate\Database\Query\Builder.php(1634): Illuminate\Database\Query\Builder->runSelect()
#14 C:\Users\Yassine Ben Slimane\Sites\kylogger\vendor\laravel\framework\src\Illuminate\Database\Eloquent\Builder.php(638): Illuminate\Database\Query\Builder->get(Array)
#15 C:\Users\Yassine Ben Slimane\Sites\kylogger\vendor\laravel\framework\src\Illuminate\Database\Eloquent\Builder.php(327): Illuminate\Database\Eloquent\Builder->getModels(Array)
#16 C:\Users\Yassine Ben Slimane\Sites\kylogger\vendor\laravel\framework\src\Illuminate\Database\Eloquent\Builder.php(297): Illuminate\Database\Eloquent\Builder->get(Array)
#17 C:\Users\Yassine Ben Slimane\Sites\kylogger\vendor\laravel\framework\src\Illuminate\Auth\EloquentUserProvider.php(104): Illuminate\Database\Eloquent\Builder->first()
#18 C:\Users\Yassine Ben Slimane\Sites\kylogger\vendor\laravel\framework\src\Illuminate\Auth\SessionGuard.php(353): Illuminate\Auth\EloquentUserProvider->retrieveByCredentials(Array)
#19 C:\Users\Yassine Ben Slimane\Sites\kylogger\vendor\laravel\framework\src\Illuminate\Foundation\Auth\AuthenticatesUsers.php(76): Illuminate\Auth\SessionGuard->attempt(Array, false)
#20 C:\Users\Yassine Ben Slimane\Sites\kylogger\vendor\laravel\framework\src\Illuminate\Foundation\Auth\AuthenticatesUsers.php(42): App\Http\Controllers\Frontend\Auth\LoginController->attemptLogin(Object(Illuminate\Http\Request))
#21 [internal function]: App\Http\Controllers\Frontend\Auth\LoginController->login(Object(Illuminate\Http\Request))
#22 C:\Users\Yassine Ben Slimane\Sites\kylogger\vendor\laravel\framework\src\Illuminate\Routing\Controller.php(55): call_user_func_array(Array, Array)
#23 C:\Users\Yassine Ben Slimane\Sites\kylogger\vendor\laravel\framework\src\Illuminate\Routing\ControllerDispatcher.php(44): Illuminate\Routing\Controller->callAction('login', Array)
#24 C:\Users\Yassine Ben Slimane\Sites\kylogger\vendor\laravel\framework\src\Illuminate\Routing\Route.php(189): Illuminate\Routing\ControllerDispatcher->dispatch(Object(Illuminate\Routing\Route), Object(App\Http\Controllers\Frontend\Auth\LoginController), 'login')
#25 C:\Users\Yassine Ben Slimane\Sites\kylogger\vendor\laravel\framework\src\Illuminate\Routing\Route.php(144): Illuminate\Routing\Route->runController()
#26 C:\Users\Yassine Ben Slimane\Sites\kylogger\vendor\laravel\framework\src\Illuminate\Routing\Router.php(653): Illuminate\Routing\Route->run(Object(Illuminate\Http\Request))
#27 C:\Users\Yassine Ben Slimane\Sites\kylogger\vendor\laravel\framework\src\Illuminate\Routing\Pipeline.php(53): Illuminate\Routing\Router->Illuminate\Routing\{closure}(Object(Illuminate\Http\Request))
#28 C:\Users\Yassine Ben Slimane\Sites\kylogger\app\Http\Middleware\RedirectIfAuthenticated.php(28): Illuminate\Routing\Pipeline->Illuminate\Routing\{closure}(Object(Illuminate\Http\Request))
#29 C:\Users\Yassine Ben Slimane\Sites\kylogger\vendor\laravel\framework\src\Illuminate\Pipeline\Pipeline.php(137): App\Http\Middleware\RedirectIfAuthenticated->handle(Object(Illuminate\Http\Request), Object(Closure))
#30 C:\Users\Yassine Ben Slimane\Sites\kylogger\vendor\laravel\framework\src\Illuminate\Routing\Pipeline.php(33): Illuminate\Pipeline\Pipeline->Illuminate\Pipeline\{closure}(Object(Illuminate\Http\Request))
#31 C:\Users\Yassine Ben Slimane\Sites\kylogger\app\Http\Middleware\LocaleMiddleware.php(57): Illuminate\Routing\Pipeline->Illuminate\Routing\{closure}(Object(Illuminate\Http\Request))
#32 C:\Users\Yassine Ben Slimane\Sites\kylogger\vendor\laravel\framework\src\Illuminate\Pipeline\Pipeline.php(137): App\Http\Middleware\LocaleMiddleware->handle(Object(Illuminate\Http\Request), Object(Closure))
#33 C:\Users\Yassine Ben Slimane\Sites\kylogger\vendor\laravel\framework\src\Illuminate\Routing\Pipeline.php(33): Illuminate\Pipeline\Pipeline->Illuminate\Pipeline\{closure}(Object(Illuminate\Http\Request))
#34 C:\Users\Yassine Ben Slimane\Sites\kylogger\vendor\laravel\framework\src\Illuminate\Routing\Middleware\SubstituteBindings.php(41): Illuminate\Routing\Pipeline->Illuminate\Routing\{closure}(Object(Illuminate\Http\Request))
#35 C:\Users\Yassine Ben Slimane\Sites\kylogger\vendor\laravel\framework\src\Illuminate\Pipeline\Pipeline.php(137): Illuminate\Routing\Middleware\SubstituteBindings->handle(Object(Illuminate\Http\Request), Object(Closure))
#36 C:\Users\Yassine Ben Slimane\Sites\kylogger\vendor\laravel\framework\src\Illuminate\Routing\Pipeline.php(33): Illuminate\Pipeline\Pipeline->Illuminate\Pipeline\{closure}(Object(Illuminate\Http\Request))
#37 C:\Users\Yassine Ben Slimane\Sites\kylogger\vendor\laravel\framework\src\Illuminate\Foundation\Http\Middleware\VerifyCsrfToken.php(65): Illuminate\Routing\Pipeline->Illuminate\Routing\{closure}(Object(Illuminate\Http\Request))
#38 C:\Users\Yassine Ben Slimane\Sites\kylogger\vendor\laravel\framework\src\Illuminate\Pipeline\Pipeline.php(137): Illuminate\Foundation\Http\Middleware\VerifyCsrfToken->handle(Object(Illuminate\Http\Request), Object(Closure))
#39 C:\Users\Yassine Ben Slimane\Sites\kylogger\vendor\laravel\framework\src\Illuminate\Routing\Pipeline.php(33): Illuminate\Pipeline\Pipeline->Illuminate\Pipeline\{closure}(Object(Illuminate\Http\Request))
#40 C:\Users\Yassine Ben Slimane\Sites\kylogger\vendor\laravel\framework\src\Illuminate\View\Middleware\ShareErrorsFromSession.php(49): Illuminate\Routing\Pipeline->Illuminate\Routing\{closure}(Object(Illuminate\Http\Request))
#41 C:\Users\Yassine Ben Slimane\Sites\kylogger\vendor\laravel\framework\src\Illuminate\Pipeline\Pipeline.php(137): Illuminate\View\Middleware\ShareErrorsFromSession->handle(Object(Illuminate\Http\Request), Object(Closure))
#42 C:\Users\Yassine Ben Slimane\Sites\kylogger\vendor\laravel\framework\src\Illuminate\Routing\Pipeline.php(33): Illuminate\Pipeline\Pipeline->Illuminate\Pipeline\{closure}(Object(Illuminate\Http\Request))
#43 C:\Users\Yassine Ben Slimane\Sites\kylogger\vendor\laravel\framework\src\Illuminate\Session\Middleware\StartSession.php(64): Illuminate\Routing\Pipeline->Illuminate\Routing\{closure}(Object(Illuminate\Http\Request))
#44 C:\Users\Yassine Ben Slimane\Sites\kylogger\vendor\laravel\framework\src\Illuminate\Pipeline\Pipeline.php(137): Illuminate\Session\Middleware\StartSession->handle(Object(Illuminate\Http\Request), Object(Closure))
#45 C:\Users\Yassine Ben Slimane\Sites\kylogger\vendor\laravel\framework\src\Illuminate\Routing\Pipeline.php(33): Illuminate\Pipeline\Pipeline->Illuminate\Pipeline\{closure}(Object(Illuminate\Http\Request))
#46 C:\Users\Yassine Ben Slimane\Sites\kylogger\vendor\laravel\framework\src\Illuminate\Cookie\Middleware\AddQueuedCookiesToResponse.php(37): Illuminate\Routing\Pipeline->Illuminate\Routing\{closure}(Object(Illuminate\Http\Request))
#47 C:\Users\Yassine Ben Slimane\Sites\kylogger\vendor\laravel\framework\src\Illuminate\Pipeline\Pipeline.php(137): Illuminate\Cookie\Middleware\AddQueuedCookiesToResponse->handle(Object(Illuminate\Http\Request), Object(Closure))
#48 C:\Users\Yassine Ben Slimane\Sites\kylogger\vendor\laravel\framework\src\Illuminate\Routing\Pipeline.php(33): Illuminate\Pipeline\Pipeline->Illuminate\Pipeline\{closure}(Object(Illuminate\Http\Request))
#49 C:\Users\Yassine Ben Slimane\Sites\kylogger\vendor\laravel\framework\src\Illuminate\Cookie\Middleware\EncryptCookies.php(59): Illuminate\Routing\Pipeline->Illuminate\Routing\{closure}(Object(Illuminate\Http\Request))
#50 C:\Users\Yassine Ben Slimane\Sites\kylogger\vendor\laravel\framework\src\Illuminate\Pipeline\Pipeline.php(137): Illuminate\Cookie\Middleware\EncryptCookies->handle(Object(Illuminate\Http\Request), Object(Closure))
#51 C:\Users\Yassine Ben Slimane\Sites\kylogger\vendor\laravel\framework\src\Illuminate\Routing\Pipeline.php(33): Illuminate\Pipeline\Pipeline->Illuminate\Pipeline\{closure}(Object(Illuminate\Http\Request))
#52 C:\Users\Yassine Ben Slimane\Sites\kylogger\vendor\laravel\framework\src\Illuminate\Pipeline\Pipeline.php(104): Illuminate\Routing\Pipeline->Illuminate\Routing\{closure}(Object(Illuminate\Http\Request))
#53 C:\Users\Yassine Ben Slimane\Sites\kylogger\vendor\laravel\framework\src\Illuminate\Routing\Router.php(655): Illuminate\Pipeline\Pipeline->then(Object(Closure))
#54 C:\Users\Yassine Ben Slimane\Sites\kylogger\vendor\laravel\framework\src\Illuminate\Routing\Router.php(629): Illuminate\Routing\Router->runRouteWithinStack(Object(Illuminate\Routing\Route), Object(Illuminate\Http\Request))
#55 C:\Users\Yassine Ben Slimane\Sites\kylogger\vendor\laravel\framework\src\Illuminate\Routing\Router.php(607): Illuminate\Routing\Router->dispatchToRoute(Object(Illuminate\Http\Request))
#56 C:\Users\Yassine Ben Slimane\Sites\kylogger\vendor\laravel\framework\src\Illuminate\Foundation\Http\Kernel.php(268): Illuminate\Routing\Router->dispatch(Object(Illuminate\Http\Request))
#57 C:\Users\Yassine Ben Slimane\Sites\kylogger\vendor\laravel\framework\src\Illuminate\Routing\Pipeline.php(53): Illuminate\Foundation\Http\Kernel->Illuminate\Foundation\Http\{closure}(Object(Illuminate\Http\Request))
#58 C:\Users\Yassine Ben Slimane\Sites\kylogger\vendor\barryvdh\laravel-debugbar\src\Middleware\Debugbar.php(51): Illuminate\Routing\Pipeline->Illuminate\Routing\{closure}(Object(Illuminate\Http\Request))
#59 C:\Users\Yassine Ben Slimane\Sites\kylogger\vendor\laravel\framework\src\Illuminate\Pipeline\Pipeline.php(137): Barryvdh\Debugbar\Middleware\Debugbar->handle(Object(Illuminate\Http\Request), Object(Closure))
#60 C:\Users\Yassine Ben Slimane\Sites\kylogger\vendor\laravel\framework\src\Illuminate\Routing\Pipeline.php(33): Illuminate\Pipeline\Pipeline->Illuminate\Pipeline\{closure}(Object(Illuminate\Http\Request))
#61 C:\Users\Yassine Ben Slimane\Sites\kylogger\vendor\laravel\framework\src\Illuminate\Foundation\Http\Middleware\CheckForMaintenanceMode.php(46): Illuminate\Routing\Pipeline->Illuminate\Routing\{closure}(Object(Illuminate\Http\Request))
#62 C:\Users\Yassine Ben Slimane\Sites\kylogger\vendor\laravel\framework\src\Illuminate\Pipeline\Pipeline.php(137): Illuminate\Foundation\Http\Middleware\CheckForMaintenanceMode->handle(Object(Illuminate\Http\Request), Object(Closure))
#63 C:\Users\Yassine Ben Slimane\Sites\kylogger\vendor\laravel\framework\src\Illuminate\Routing\Pipeline.php(33): Illuminate\Pipeline\Pipeline->Illuminate\Pipeline\{closure}(Object(Illuminate\Http\Request))
#64 C:\Users\Yassine Ben Slimane\Sites\kylogger\vendor\laravel\framework\src\Illuminate\Pipeline\Pipeline.php(104): Illuminate\Routing\Pipeline->Illuminate\Routing\{closure}(Object(Illuminate\Http\Request))
#65 C:\Users\Yassine Ben Slimane\Sites\kylogger\vendor\laravel\framework\src\Illuminate\Foundation\Http\Kernel.php(150): Illuminate\Pipeline\Pipeline->then(Object(Closure))
#66 C:\Users\Yassine Ben Slimane\Sites\kylogger\vendor\laravel\framework\src\Illuminate\Foundation\Http\Kernel.php(117): Illuminate\Foundation\Http\Kernel->sendRequestThroughRouter(Object(Illuminate\Http\Request))
#67 C:\Users\Yassine Ben Slimane\Sites\kylogger\public\index.php(52): Illuminate\Foundation\Http\Kernel->handle(Object(Illuminate\Http\Request))
#68 C:\Users\Yassine Ben Slimane\Sites\kylogger\server.php(19): require_once('C:\\Users\\Yassin...')
#69 {main}  
[2019-06-25 18:55:22] local.ERROR: PDOException: SQLSTATE[HY000] [1045] Access denied for user 'homestead'@'localhost' (using password: YES) in C:\Users\Yassine Ben Slimane\Sites\kylogger\vendor\doctrine\dbal\lib\Doctrine\DBAL\Driver\PDOConnection.php:43
Stack trace:
#0 C:\Users\Yassine Ben Slimane\Sites\kylogger\vendor\doctrine\dbal\lib\Doctrine\DBAL\Driver\PDOConnection.php(43): PDO->__construct('mysql:host=127....', 'homestead', 'secret', Array)
#1 C:\Users\Yassine Ben Slimane\Sites\kylogger\vendor\laravel\framework\src\Illuminate\Database\Connectors\Connector.php(116): Doctrine\DBAL\Driver\PDOConnection->__construct('mysql:host=127....', 'homestead', 'secret', Array)
#2 C:\Users\Yassine Ben Slimane\Sites\kylogger\vendor\laravel\framework\src\Illuminate\Database\Connectors\Connector.php(56): Illuminate\Database\Connectors\Connector->createPdoConnection('mysql:host=127....', 'homestead', 'secret', Array)
#3 C:\Users\Yassine Ben Slimane\Sites\kylogger\vendor\laravel\framework\src\Illuminate\Database\Connectors\MySqlConnector.php(24): Illuminate\Database\Connectors\Connector->createConnection('mysql:host=127....', Array, Array)
#4 C:\Users\Yassine Ben Slimane\Sites\kylogger\vendor\laravel\framework\src\Illuminate\Database\Connectors\ConnectionFactory.php(126): Illuminate\Database\Connectors\MySqlConnector->connect(Array)
#5 [internal function]: Illuminate\Database\Connectors\ConnectionFactory->Illuminate\Database\Connectors\{closure}()
#6 C:\Users\Yassine Ben Slimane\Sites\kylogger\vendor\laravel\framework\src\Illuminate\Database\Connection.php(965): call_user_func(Object(Closure))
#7 C:\Users\Yassine Ben Slimane\Sites\kylogger\vendor\laravel\framework\src\Illuminate\Database\Connection.php(986): Illuminate\Database\Connection->getPdo()
#8 C:\Users\Yassine Ben Slimane\Sites\kylogger\vendor\laravel\framework\src\Illuminate\Database\Connection.php(423): Illuminate\Database\Connection->getReadPdo()
#9 C:\Users\Yassine Ben Slimane\Sites\kylogger\vendor\laravel\framework\src\Illuminate\Database\Connection.php(333): Illuminate\Database\Connection->getPdoForSelect(true)
#10 C:\Users\Yassine Ben Slimane\Sites\kylogger\vendor\laravel\framework\src\Illuminate\Database\Connection.php(763): Illuminate\Database\Connection->Illuminate\Database\{closure}(Object(Illuminate\Database\MySqlConnection), 'select * from `...', Array)
#11 C:\Users\Yassine Ben Slimane\Sites\kylogger\vendor\laravel\framework\src\Illuminate\Database\Connection.php(726): Illuminate\Database\Connection->runQueryCallback('select * from `...', Array, Object(Closure))
#12 C:\Users\Yassine Ben Slimane\Sites\kylogger\vendor\laravel\framework\src\Illuminate\Database\Connection.php(351): Illuminate\Database\Connection->run('select * from `...', Array, Object(Closure))
#13 C:\Users\Yassine Ben Slimane\Sites\kylogger\vendor\laravel\framework\src\Illuminate\Database\Query\Builder.php(1648): Illuminate\Database\Connection->select('select * from `...', Array, true)
#14 C:\Users\Yassine Ben Slimane\Sites\kylogger\vendor\laravel\framework\src\Illuminate\Database\Query\Builder.php(1634): Illuminate\Database\Query\Builder->runSelect()
#15 C:\Users\Yassine Ben Slimane\Sites\kylogger\vendor\laravel\framework\src\Illuminate\Database\Eloquent\Builder.php(638): Illuminate\Database\Query\Builder->get(Array)
#16 C:\Users\Yassine Ben Slimane\Sites\kylogger\vendor\laravel\framework\src\Illuminate\Database\Eloquent\Builder.php(327): Illuminate\Database\Eloquent\Builder->getModels(Array)
#17 C:\Users\Yassine Ben Slimane\Sites\kylogger\vendor\laravel\framework\src\Illuminate\Database\Eloquent\Builder.php(297): Illuminate\Database\Eloquent\Builder->get(Array)
#18 C:\Users\Yassine Ben Slimane\Sites\kylogger\vendor\laravel\framework\src\Illuminate\Auth\EloquentUserProvider.php(104): Illuminate\Database\Eloquent\Builder->first()
#19 C:\Users\Yassine Ben Slimane\Sites\kylogger\vendor\laravel\framework\src\Illuminate\Auth\SessionGuard.php(353): Illuminate\Auth\EloquentUserProvider->retrieveByCredentials(Array)
#20 C:\Users\Yassine Ben Slimane\Sites\kylogger\vendor\laravel\framework\src\Illuminate\Foundation\Auth\AuthenticatesUsers.php(76): Illuminate\Auth\SessionGuard->attempt(Array, false)
#21 C:\Users\Yassine Ben Slimane\Sites\kylogger\vendor\laravel\framework\src\Illuminate\Foundation\Auth\AuthenticatesUsers.php(42): App\Http\Controllers\Frontend\Auth\LoginController->attemptLogin(Object(Illuminate\Http\Request))
#22 [internal function]: App\Http\Controllers\Frontend\Auth\LoginController->login(Object(Illuminate\Http\Request))
#23 C:\Users\Yassine Ben Slimane\Sites\kylogger\vendor\laravel\framework\src\Illuminate\Routing\Controller.php(55): call_user_func_array(Array, Array)
#24 C:\Users\Yassine Ben Slimane\Sites\kylogger\vendor\laravel\framework\src\Illuminate\Routing\ControllerDispatcher.php(44): Illuminate\Routing\Controller->callAction('login', Array)
#25 C:\Users\Yassine Ben Slimane\Sites\kylogger\vendor\laravel\framework\src\Illuminate\Routing\Route.php(189): Illuminate\Routing\ControllerDispatcher->dispatch(Object(Illuminate\Routing\Route), Object(App\Http\Controllers\Frontend\Auth\LoginController), 'login')
#26 C:\Users\Yassine Ben Slimane\Sites\kylogger\vendor\laravel\framework\src\Illuminate\Routing\Route.php(144): Illuminate\Routing\Route->runController()
#27 C:\Users\Yassine Ben Slimane\Sites\kylogger\vendor\laravel\framework\src\Illuminate\Routing\Router.php(653): Illuminate\Routing\Route->run(Object(Illuminate\Http\Request))
#28 C:\Users\Yassine Ben Slimane\Sites\kylogger\vendor\laravel\framework\src\Illuminate\Routing\Pipeline.php(53): Illuminate\Routing\Router->Illuminate\Routing\{closure}(Object(Illuminate\Http\Request))
#29 C:\Users\Yassine Ben Slimane\Sites\kylogger\app\Http\Middleware\RedirectIfAuthenticated.php(28): Illuminate\Routing\Pipeline->Illuminate\Routing\{closure}(Object(Illuminate\Http\Request))
#30 C:\Users\Yassine Ben Slimane\Sites\kylogger\vendor\laravel\framework\src\Illuminate\Pipeline\Pipeline.php(137): App\Http\Middleware\RedirectIfAuthenticated->handle(Object(Illuminate\Http\Request), Object(Closure))
#31 C:\Users\Yassine Ben Slimane\Sites\kylogger\vendor\laravel\framework\src\Illuminate\Routing\Pipeline.php(33): Illuminate\Pipeline\Pipeline->Illuminate\Pipeline\{closure}(Object(Illuminate\Http\Request))
#32 C:\Users\Yassine Ben Slimane\Sites\kylogger\app\Http\Middleware\LocaleMiddleware.php(57): Illuminate\Routing\Pipeline->Illuminate\Routing\{closure}(Object(Illuminate\Http\Request))
#33 C:\Users\Yassine Ben Slimane\Sites\kylogger\vendor\laravel\framework\src\Illuminate\Pipeline\Pipeline.php(137): App\Http\Middleware\LocaleMiddleware->handle(Object(Illuminate\Http\Request), Object(Closure))
#34 C:\Users\Yassine Ben Slimane\Sites\kylogger\vendor\laravel\framework\src\Illuminate\Routing\Pipeline.php(33): Illuminate\Pipeline\Pipeline->Illuminate\Pipeline\{closure}(Object(Illuminate\Http\Request))
#35 C:\Users\Yassine Ben Slimane\Sites\kylogger\vendor\laravel\framework\src\Illuminate\Routing\Middleware\SubstituteBindings.php(41): Illuminate\Routing\Pipeline->Illuminate\Routing\{closure}(Object(Illuminate\Http\Request))
#36 C:\Users\Yassine Ben Slimane\Sites\kylogger\vendor\laravel\framework\src\Illuminate\Pipeline\Pipeline.php(137): Illuminate\Routing\Middleware\SubstituteBindings->handle(Object(Illuminate\Http\Request), Object(Closure))
#37 C:\Users\Yassine Ben Slimane\Sites\kylogger\vendor\laravel\framework\src\Illuminate\Routing\Pipeline.php(33): Illuminate\Pipeline\Pipeline->Illuminate\Pipeline\{closure}(Object(Illuminate\Http\Request))
#38 C:\Users\Yassine Ben Slimane\Sites\kylogger\vendor\laravel\framework\src\Illuminate\Foundation\Http\Middleware\VerifyCsrfToken.php(65): Illuminate\Routing\Pipeline->Illuminate\Routing\{closure}(Object(Illuminate\Http\Request))
#39 C:\Users\Yassine Ben Slimane\Sites\kylogger\vendor\laravel\framework\src\Illuminate\Pipeline\Pipeline.php(137): Illuminate\Foundation\Http\Middleware\VerifyCsrfToken->handle(Object(Illuminate\Http\Request), Object(Closure))
#40 C:\Users\Yassine Ben Slimane\Sites\kylogger\vendor\laravel\framework\src\Illuminate\Routing\Pipeline.php(33): Illuminate\Pipeline\Pipeline->Illuminate\Pipeline\{closure}(Object(Illuminate\Http\Request))
#41 C:\Users\Yassine Ben Slimane\Sites\kylogger\vendor\laravel\framework\src\Illuminate\View\Middleware\ShareErrorsFromSession.php(49): Illuminate\Routing\Pipeline->Illuminate\Routing\{closure}(Object(Illuminate\Http\Request))
#42 C:\Users\Yassine Ben Slimane\Sites\kylogger\vendor\laravel\framework\src\Illuminate\Pipeline\Pipeline.php(137): Illuminate\View\Middleware\ShareErrorsFromSession->handle(Object(Illuminate\Http\Request), Object(Closure))
#43 C:\Users\Yassine Ben Slimane\Sites\kylogger\vendor\laravel\framework\src\Illuminate\Routing\Pipeline.php(33): Illuminate\Pipeline\Pipeline->Illuminate\Pipeline\{closure}(Object(Illuminate\Http\Request))
#44 C:\Users\Yassine Ben Slimane\Sites\kylogger\vendor\laravel\framework\src\Illuminate\Session\Middleware\StartSession.php(64): Illuminate\Routing\Pipeline->Illuminate\Routing\{closure}(Object(Illuminate\Http\Request))
#45 C:\Users\Yassine Ben Slimane\Sites\kylogger\vendor\laravel\framework\src\Illuminate\Pipeline\Pipeline.php(137): Illuminate\Session\Middleware\StartSession->handle(Object(Illuminate\Http\Request), Object(Closure))
#46 C:\Users\Yassine Ben Slimane\Sites\kylogger\vendor\laravel\framework\src\Illuminate\Routing\Pipeline.php(33): Illuminate\Pipeline\Pipeline->Illuminate\Pipeline\{closure}(Object(Illuminate\Http\Request))
#47 C:\Users\Yassine Ben Slimane\Sites\kylogger\vendor\laravel\framework\src\Illuminate\Cookie\Middleware\AddQueuedCookiesToResponse.php(37): Illuminate\Routing\Pipeline->Illuminate\Routing\{closure}(Object(Illuminate\Http\Request))
#48 C:\Users\Yassine Ben Slimane\Sites\kylogger\vendor\laravel\framework\src\Illuminate\Pipeline\Pipeline.php(137): Illuminate\Cookie\Middleware\AddQueuedCookiesToResponse->handle(Object(Illuminate\Http\Request), Object(Closure))
#49 C:\Users\Yassine Ben Slimane\Sites\kylogger\vendor\laravel\framework\src\Illuminate\Routing\Pipeline.php(33): Illuminate\Pipeline\Pipeline->Illuminate\Pipeline\{closure}(Object(Illuminate\Http\Request))
#50 C:\Users\Yassine Ben Slimane\Sites\kylogger\vendor\laravel\framework\src\Illuminate\Cookie\Middleware\EncryptCookies.php(59): Illuminate\Routing\Pipeline->Illuminate\Routing\{closure}(Object(Illuminate\Http\Request))
#51 C:\Users\Yassine Ben Slimane\Sites\kylogger\vendor\laravel\framework\src\Illuminate\Pipeline\Pipeline.php(137): Illuminate\Cookie\Middleware\EncryptCookies->handle(Object(Illuminate\Http\Request), Object(Closure))
#52 C:\Users\Yassine Ben Slimane\Sites\kylogger\vendor\laravel\framework\src\Illuminate\Routing\Pipeline.php(33): Illuminate\Pipeline\Pipeline->Illuminate\Pipeline\{closure}(Object(Illuminate\Http\Request))
#53 C:\Users\Yassine Ben Slimane\Sites\kylogger\vendor\laravel\framework\src\Illuminate\Pipeline\Pipeline.php(104): Illuminate\Routing\Pipeline->Illuminate\Routing\{closure}(Object(Illuminate\Http\Request))
#54 C:\Users\Yassine Ben Slimane\Sites\kylogger\vendor\laravel\framework\src\Illuminate\Routing\Router.php(655): Illuminate\Pipeline\Pipeline->then(Object(Closure))
#55 C:\Users\Yassine Ben Slimane\Sites\kylogger\vendor\laravel\framework\src\Illuminate\Routing\Router.php(629): Illuminate\Routing\Router->runRouteWithinStack(Object(Illuminate\Routing\Route), Object(Illuminate\Http\Request))
#56 C:\Users\Yassine Ben Slimane\Sites\kylogger\vendor\laravel\framework\src\Illuminate\Routing\Router.php(607): Illuminate\Routing\Router->dispatchToRoute(Object(Illuminate\Http\Request))
#57 C:\Users\Yassine Ben Slimane\Sites\kylogger\vendor\laravel\framework\src\Illuminate\Foundation\Http\Kernel.php(268): Illuminate\Routing\Router->dispatch(Object(Illuminate\Http\Request))
#58 C:\Users\Yassine Ben Slimane\Sites\kylogger\vendor\laravel\framework\src\Illuminate\Routing\Pipeline.php(53): Illuminate\Foundation\Http\Kernel->Illuminate\Foundation\Http\{closure}(Object(Illuminate\Http\Request))
#59 C:\Users\Yassine Ben Slimane\Sites\kylogger\vendor\barryvdh\laravel-debugbar\src\Middleware\Debugbar.php(51): Illuminate\Routing\Pipeline->Illuminate\Routing\{closure}(Object(Illuminate\Http\Request))
#60 C:\Users\Yassine Ben Slimane\Sites\kylogger\vendor\laravel\framework\src\Illuminate\Pipeline\Pipeline.php(137): Barryvdh\Debugbar\Middleware\Debugbar->handle(Object(Illuminate\Http\Request), Object(Closure))
#61 C:\Users\Yassine Ben Slimane\Sites\kylogger\vendor\laravel\framework\src\Illuminate\Routing\Pipeline.php(33): Illuminate\Pipeline\Pipeline->Illuminate\Pipeline\{closure}(Object(Illuminate\Http\Request))
#62 C:\Users\Yassine Ben Slimane\Sites\kylogger\vendor\laravel\framework\src\Illuminate\Foundation\Http\Middleware\CheckForMaintenanceMode.php(46): Illuminate\Routing\Pipeline->Illuminate\Routing\{closure}(Object(Illuminate\Http\Request))
#63 C:\Users\Yassine Ben Slimane\Sites\kylogger\vendor\laravel\framework\src\Illuminate\Pipeline\Pipeline.php(137): Illuminate\Foundation\Http\Middleware\CheckForMaintenanceMode->handle(Object(Illuminate\Http\Request), Object(Closure))
#64 C:\Users\Yassine Ben Slimane\Sites\kylogger\vendor\laravel\framework\src\Illuminate\Routing\Pipeline.php(33): Illuminate\Pipeline\Pipeline->Illuminate\Pipeline\{closure}(Object(Illuminate\Http\Request))
#65 C:\Users\Yassine Ben Slimane\Sites\kylogger\vendor\laravel\framework\src\Illuminate\Pipeline\Pipeline.php(104): Illuminate\Routing\Pipeline->Illuminate\Routing\{closure}(Object(Illuminate\Http\Request))
#66 C:\Users\Yassine Ben Slimane\Sites\kylogger\vendor\laravel\framework\src\Illuminate\Foundation\Http\Kernel.php(150): Illuminate\Pipeline\Pipeline->then(Object(Closure))
#67 C:\Users\Yassine Ben Slimane\Sites\kylogger\vendor\laravel\framework\src\Illuminate\Foundation\Http\Kernel.php(117): Illuminate\Foundation\Http\Kernel->sendRequestThroughRouter(Object(Illuminate\Http\Request))
#68 C:\Users\Yassine Ben Slimane\Sites\kylogger\public\index.php(52): Illuminate\Foundation\Http\Kernel->handle(Object(Illuminate\Http\Request))
#69 C:\Users\Yassine Ben Slimane\Sites\kylogger\server.php(19): require_once('C:\\Users\\Yassin...')
#70 {main}

Next Doctrine\DBAL\Driver\PDOException: SQLSTATE[HY000] [1045] Access denied for user 'homestead'@'localhost' (using password: YES) in C:\Users\Yassine Ben Slimane\Sites\kylogger\vendor\doctrine\dbal\lib\Doctrine\DBAL\Driver\PDOConnection.php:47
Stack trace:
#0 C:\Users\Yassine Ben Slimane\Sites\kylogger\vendor\laravel\framework\src\Illuminate\Database\Connectors\Connector.php(116): Doctrine\DBAL\Driver\PDOConnection->__construct('mysql:host=127....', 'homestead', 'secret', Array)
#1 C:\Users\Yassine Ben Slimane\Sites\kylogger\vendor\laravel\framework\src\Illuminate\Database\Connectors\Connector.php(56): Illuminate\Database\Connectors\Connector->createPdoConnection('mysql:host=127....', 'homestead', 'secret', Array)
#2 C:\Users\Yassine Ben Slimane\Sites\kylogger\vendor\laravel\framework\src\Illuminate\Database\Connectors\MySqlConnector.php(24): Illuminate\Database\Connectors\Connector->createConnection('mysql:host=127....', Array, Array)
#3 C:\Users\Yassine Ben Slimane\Sites\kylogger\vendor\laravel\framework\src\Illuminate\Database\Connectors\ConnectionFactory.php(126): Illuminate\Database\Connectors\MySqlConnector->connect(Array)
#4 [internal function]: Illuminate\Database\Connectors\ConnectionFactory->Illuminate\Database\Connectors\{closure}()
#5 C:\Users\Yassine Ben Slimane\Sites\kylogger\vendor\laravel\framework\src\Illuminate\Database\Connection.php(965): call_user_func(Object(Closure))
#6 C:\Users\Yassine Ben Slimane\Sites\kylogger\vendor\laravel\framework\src\Illuminate\Database\Connection.php(986): Illuminate\Database\Connection->getPdo()
#7 C:\Users\Yassine Ben Slimane\Sites\kylogger\vendor\laravel\framework\src\Illuminate\Database\Connection.php(423): Illuminate\Database\Connection->getReadPdo()
#8 C:\Users\Yassine Ben Slimane\Sites\kylogger\vendor\laravel\framework\src\Illuminate\Database\Connection.php(333): Illuminate\Database\Connection->getPdoForSelect(true)
#9 C:\Users\Yassine Ben Slimane\Sites\kylogger\vendor\laravel\framework\src\Illuminate\Database\Connection.php(763): Illuminate\Database\Connection->Illuminate\Database\{closure}(Object(Illuminate\Database\MySqlConnection), 'select * from `...', Array)
#10 C:\Users\Yassine Ben Slimane\Sites\kylogger\vendor\laravel\framework\src\Illuminate\Database\Connection.php(726): Illuminate\Database\Connection->runQueryCallback('select * from `...', Array, Object(Closure))
#11 C:\Users\Yassine Ben Slimane\Sites\kylogger\vendor\laravel\framework\src\Illuminate\Database\Connection.php(351): Illuminate\Database\Connection->run('select * from `...', Array, Object(Closure))
#12 C:\Users\Yassine Ben Slimane\Sites\kylogger\vendor\laravel\framework\src\Illuminate\Database\Query\Builder.php(1648): Illuminate\Database\Connection->select('select * from `...', Array, true)
#13 C:\Users\Yassine Ben Slimane\Sites\kylogger\vendor\laravel\framework\src\Illuminate\Database\Query\Builder.php(1634): Illuminate\Database\Query\Builder->runSelect()
#14 C:\Users\Yassine Ben Slimane\Sites\kylogger\vendor\laravel\framework\src\Illuminate\Database\Eloquent\Builder.php(638): Illuminate\Database\Query\Builder->get(Array)
#15 C:\Users\Yassine Ben Slimane\Sites\kylogger\vendor\laravel\framework\src\Illuminate\Database\Eloquent\Builder.php(327): Illuminate\Database\Eloquent\Builder->getModels(Array)
#16 C:\Users\Yassine Ben Slimane\Sites\kylogger\vendor\laravel\framework\src\Illuminate\Database\Eloquent\Builder.php(297): Illuminate\Database\Eloquent\Builder->get(Array)
#17 C:\Users\Yassine Ben Slimane\Sites\kylogger\vendor\laravel\framework\src\Illuminate\Auth\EloquentUserProvider.php(104): Illuminate\Database\Eloquent\Builder->first()
#18 C:\Users\Yassine Ben Slimane\Sites\kylogger\vendor\laravel\framework\src\Illuminate\Auth\SessionGuard.php(353): Illuminate\Auth\EloquentUserProvider->retrieveByCredentials(Array)
#19 C:\Users\Yassine Ben Slimane\Sites\kylogger\vendor\laravel\framework\src\Illuminate\Foundation\Auth\AuthenticatesUsers.php(76): Illuminate\Auth\SessionGuard->attempt(Array, false)
#20 C:\Users\Yassine Ben Slimane\Sites\kylogger\vendor\laravel\framework\src\Illuminate\Foundation\Auth\AuthenticatesUsers.php(42): App\Http\Controllers\Frontend\Auth\LoginController->attemptLogin(Object(Illuminate\Http\Request))
#21 [internal function]: App\Http\Controllers\Frontend\Auth\LoginController->login(Object(Illuminate\Http\Request))
#22 C:\Users\Yassine Ben Slimane\Sites\kylogger\vendor\laravel\framework\src\Illuminate\Routing\Controller.php(55): call_user_func_array(Array, Array)
#23 C:\Users\Yassine Ben Slimane\Sites\kylogger\vendor\laravel\framework\src\Illuminate\Routing\ControllerDispatcher.php(44): Illuminate\Routing\Controller->callAction('login', Array)
#24 C:\Users\Yassine Ben Slimane\Sites\kylogger\vendor\laravel\framework\src\Illuminate\Routing\Route.php(189): Illuminate\Routing\ControllerDispatcher->dispatch(Object(Illuminate\Routing\Route), Object(App\Http\Controllers\Frontend\Auth\LoginController), 'login')
#25 C:\Users\Yassine Ben Slimane\Sites\kylogger\vendor\laravel\framework\src\Illuminate\Routing\Route.php(144): Illuminate\Routing\Route->runController()
#26 C:\Users\Yassine Ben Slimane\Sites\kylogger\vendor\laravel\framework\src\Illuminate\Routing\Router.php(653): Illuminate\Routing\Route->run(Object(Illuminate\Http\Request))
#27 C:\Users\Yassine Ben Slimane\Sites\kylogger\vendor\laravel\framework\src\Illuminate\Routing\Pipeline.php(53): Illuminate\Routing\Router->Illuminate\Routing\{closure}(Object(Illuminate\Http\Request))
#28 C:\Users\Yassine Ben Slimane\Sites\kylogger\app\Http\Middleware\RedirectIfAuthenticated.php(28): Illuminate\Routing\Pipeline->Illuminate\Routing\{closure}(Object(Illuminate\Http\Request))
#29 C:\Users\Yassine Ben Slimane\Sites\kylogger\vendor\laravel\framework\src\Illuminate\Pipeline\Pipeline.php(137): App\Http\Middleware\RedirectIfAuthenticated->handle(Object(Illuminate\Http\Request), Object(Closure))
#30 C:\Users\Yassine Ben Slimane\Sites\kylogger\vendor\laravel\framework\src\Illuminate\Routing\Pipeline.php(33): Illuminate\Pipeline\Pipeline->Illuminate\Pipeline\{closure}(Object(Illuminate\Http\Request))
#31 C:\Users\Yassine Ben Slimane\Sites\kylogger\app\Http\Middleware\LocaleMiddleware.php(57): Illuminate\Routing\Pipeline->Illuminate\Routing\{closure}(Object(Illuminate\Http\Request))
#32 C:\Users\Yassine Ben Slimane\Sites\kylogger\vendor\laravel\framework\src\Illuminate\Pipeline\Pipeline.php(137): App\Http\Middleware\LocaleMiddleware->handle(Object(Illuminate\Http\Request), Object(Closure))
#33 C:\Users\Yassine Ben Slimane\Sites\kylogger\vendor\laravel\framework\src\Illuminate\Routing\Pipeline.php(33): Illuminate\Pipeline\Pipeline->Illuminate\Pipeline\{closure}(Object(Illuminate\Http\Request))
#34 C:\Users\Yassine Ben Slimane\Sites\kylogger\vendor\laravel\framework\src\Illuminate\Routing\Middleware\SubstituteBindings.php(41): Illuminate\Routing\Pipeline->Illuminate\Routing\{closure}(Object(Illuminate\Http\Request))
#35 C:\Users\Yassine Ben Slimane\Sites\kylogger\vendor\laravel\framework\src\Illuminate\Pipeline\Pipeline.php(137): Illuminate\Routing\Middleware\SubstituteBindings->handle(Object(Illuminate\Http\Request), Object(Closure))
#36 C:\Users\Yassine Ben Slimane\Sites\kylogger\vendor\laravel\framework\src\Illuminate\Routing\Pipeline.php(33): Illuminate\Pipeline\Pipeline->Illuminate\Pipeline\{closure}(Object(Illuminate\Http\Request))
#37 C:\Users\Yassine Ben Slimane\Sites\kylogger\vendor\laravel\framework\src\Illuminate\Foundation\Http\Middleware\VerifyCsrfToken.php(65): Illuminate\Routing\Pipeline->Illuminate\Routing\{closure}(Object(Illuminate\Http\Request))
#38 C:\Users\Yassine Ben Slimane\Sites\kylogger\vendor\laravel\framework\src\Illuminate\Pipeline\Pipeline.php(137): Illuminate\Foundation\Http\Middleware\VerifyCsrfToken->handle(Object(Illuminate\Http\Request), Object(Closure))
#39 C:\Users\Yassine Ben Slimane\Sites\kylogger\vendor\laravel\framework\src\Illuminate\Routing\Pipeline.php(33): Illuminate\Pipeline\Pipeline->Illuminate\Pipeline\{closure}(Object(Illuminate\Http\Request))
#40 C:\Users\Yassine Ben Slimane\Sites\kylogger\vendor\laravel\framework\src\Illuminate\View\Middleware\ShareErrorsFromSession.php(49): Illuminate\Routing\Pipeline->Illuminate\Routing\{closure}(Object(Illuminate\Http\Request))
#41 C:\Users\Yassine Ben Slimane\Sites\kylogger\vendor\laravel\framework\src\Illuminate\Pipeline\Pipeline.php(137): Illuminate\View\Middleware\ShareErrorsFromSession->handle(Object(Illuminate\Http\Request), Object(Closure))
#42 C:\Users\Yassine Ben Slimane\Sites\kylogger\vendor\laravel\framework\src\Illuminate\Routing\Pipeline.php(33): Illuminate\Pipeline\Pipeline->Illuminate\Pipeline\{closure}(Object(Illuminate\Http\Request))
#43 C:\Users\Yassine Ben Slimane\Sites\kylogger\vendor\laravel\framework\src\Illuminate\Session\Middleware\StartSession.php(64): Illuminate\Routing\Pipeline->Illuminate\Routing\{closure}(Object(Illuminate\Http\Request))
#44 C:\Users\Yassine Ben Slimane\Sites\kylogger\vendor\laravel\framework\src\Illuminate\Pipeline\Pipeline.php(137): Illuminate\Session\Middleware\StartSession->handle(Object(Illuminate\Http\Request), Object(Closure))
#45 C:\Users\Yassine Ben Slimane\Sites\kylogger\vendor\laravel\framework\src\Illuminate\Routing\Pipeline.php(33): Illuminate\Pipeline\Pipeline->Illuminate\Pipeline\{closure}(Object(Illuminate\Http\Request))
#46 C:\Users\Yassine Ben Slimane\Sites\kylogger\vendor\laravel\framework\src\Illuminate\Cookie\Middleware\AddQueuedCookiesToResponse.php(37): Illuminate\Routing\Pipeline->Illuminate\Routing\{closure}(Object(Illuminate\Http\Request))
#47 C:\Users\Yassine Ben Slimane\Sites\kylogger\vendor\laravel\framework\src\Illuminate\Pipeline\Pipeline.php(137): Illuminate\Cookie\Middleware\AddQueuedCookiesToResponse->handle(Object(Illuminate\Http\Request), Object(Closure))
#48 C:\Users\Yassine Ben Slimane\Sites\kylogger\vendor\laravel\framework\src\Illuminate\Routing\Pipeline.php(33): Illuminate\Pipeline\Pipeline->Illuminate\Pipeline\{closure}(Object(Illuminate\Http\Request))
#49 C:\Users\Yassine Ben Slimane\Sites\kylogger\vendor\laravel\framework\src\Illuminate\Cookie\Middleware\EncryptCookies.php(59): Illuminate\Routing\Pipeline->Illuminate\Routing\{closure}(Object(Illuminate\Http\Request))
#50 C:\Users\Yassine Ben Slimane\Sites\kylogger\vendor\laravel\framework\src\Illuminate\Pipeline\Pipeline.php(137): Illuminate\Cookie\Middleware\EncryptCookies->handle(Object(Illuminate\Http\Request), Object(Closure))
#51 C:\Users\Yassine Ben Slimane\Sites\kylogger\vendor\laravel\framework\src\Illuminate\Routing\Pipeline.php(33): Illuminate\Pipeline\Pipeline->Illuminate\Pipeline\{closure}(Object(Illuminate\Http\Request))
#52 C:\Users\Yassine Ben Slimane\Sites\kylogger\vendor\laravel\framework\src\Illuminate\Pipeline\Pipeline.php(104): Illuminate\Routing\Pipeline->Illuminate\Routing\{closure}(Object(Illuminate\Http\Request))
#53 C:\Users\Yassine Ben Slimane\Sites\kylogger\vendor\laravel\framework\src\Illuminate\Routing\Router.php(655): Illuminate\Pipeline\Pipeline->then(Object(Closure))
#54 C:\Users\Yassine Ben Slimane\Sites\kylogger\vendor\laravel\framework\src\Illuminate\Routing\Router.php(629): Illuminate\Routing\Router->runRouteWithinStack(Object(Illuminate\Routing\Route), Object(Illuminate\Http\Request))
#55 C:\Users\Yassine Ben Slimane\Sites\kylogger\vendor\laravel\framework\src\Illuminate\Routing\Router.php(607): Illuminate\Routing\Router->dispatchToRoute(Object(Illuminate\Http\Request))
#56 C:\Users\Yassine Ben Slimane\Sites\kylogger\vendor\laravel\framework\src\Illuminate\Foundation\Http\Kernel.php(268): Illuminate\Routing\Router->dispatch(Object(Illuminate\Http\Request))
#57 C:\Users\Yassine Ben Slimane\Sites\kylogger\vendor\laravel\framework\src\Illuminate\Routing\Pipeline.php(53): Illuminate\Foundation\Http\Kernel->Illuminate\Foundation\Http\{closure}(Object(Illuminate\Http\Request))
#58 C:\Users\Yassine Ben Slimane\Sites\kylogger\vendor\barryvdh\laravel-debugbar\src\Middleware\Debugbar.php(51): Illuminate\Routing\Pipeline->Illuminate\Routing\{closure}(Object(Illuminate\Http\Request))
#59 C:\Users\Yassine Ben Slimane\Sites\kylogger\vendor\laravel\framework\src\Illuminate\Pipeline\Pipeline.php(137): Barryvdh\Debugbar\Middleware\Debugbar->handle(Object(Illuminate\Http\Request), Object(Closure))
#60 C:\Users\Yassine Ben Slimane\Sites\kylogger\vendor\laravel\framework\src\Illuminate\Routing\Pipeline.php(33): Illuminate\Pipeline\Pipeline->Illuminate\Pipeline\{closure}(Object(Illuminate\Http\Request))
#61 C:\Users\Yassine Ben Slimane\Sites\kylogger\vendor\laravel\framework\src\Illuminate\Foundation\Http\Middleware\CheckForMaintenanceMode.php(46): Illuminate\Routing\Pipeline->Illuminate\Routing\{closure}(Object(Illuminate\Http\Request))
#62 C:\Users\Yassine Ben Slimane\Sites\kylogger\vendor\laravel\framework\src\Illuminate\Pipeline\Pipeline.php(137): Illuminate\Foundation\Http\Middleware\CheckForMaintenanceMode->handle(Object(Illuminate\Http\Request), Object(Closure))
#63 C:\Users\Yassine Ben Slimane\Sites\kylogger\vendor\laravel\framework\src\Illuminate\Routing\Pipeline.php(33): Illuminate\Pipeline\Pipeline->Illuminate\Pipeline\{closure}(Object(Illuminate\Http\Request))
#64 C:\Users\Yassine Ben Slimane\Sites\kylogger\vendor\laravel\framework\src\Illuminate\Pipeline\Pipeline.php(104): Illuminate\Routing\Pipeline->Illuminate\Routing\{closure}(Object(Illuminate\Http\Request))
#65 C:\Users\Yassine Ben Slimane\Sites\kylogger\vendor\laravel\framework\src\Illuminate\Foundation\Http\Kernel.php(150): Illuminate\Pipeline\Pipeline->then(Object(Closure))
#66 C:\Users\Yassine Ben Slimane\Sites\kylogger\vendor\laravel\framework\src\Illuminate\Foundation\Http\Kernel.php(117): Illuminate\Foundation\Http\Kernel->sendRequestThroughRouter(Object(Illuminate\Http\Request))
#67 C:\Users\Yassine Ben Slimane\Sites\kylogger\public\index.php(52): Illuminate\Foundation\Http\Kernel->handle(Object(Illuminate\Http\Request))
#68 C:\Users\Yassine Ben Slimane\Sites\kylogger\server.php(19): require_once('C:\\Users\\Yassin...')
#69 {main}

Next Illuminate\Database\QueryException: SQLSTATE[HY000] [1045] Access denied for user 'homestead'@'localhost' (using password: YES) (SQL: select * from `users` where `email` = yuginim@gmail.com and `users`.`deleted_at` is null limit 1) in C:\Users\Yassine Ben Slimane\Sites\kylogger\vendor\laravel\framework\src\Illuminate\Database\Connection.php:770
Stack trace:
#0 C:\Users\Yassine Ben Slimane\Sites\kylogger\vendor\laravel\framework\src\Illuminate\Database\Connection.php(726): Illuminate\Database\Connection->runQueryCallback('select * from `...', Array, Object(Closure))
#1 C:\Users\Yassine Ben Slimane\Sites\kylogger\vendor\laravel\framework\src\Illuminate\Database\Connection.php(351): Illuminate\Database\Connection->run('select * from `...', Array, Object(Closure))
#2 C:\Users\Yassine Ben Slimane\Sites\kylogger\vendor\laravel\framework\src\Illuminate\Database\Query\Builder.php(1648): Illuminate\Database\Connection->select('select * from `...', Array, true)
#3 C:\Users\Yassine Ben Slimane\Sites\kylogger\vendor\laravel\framework\src\Illuminate\Database\Query\Builder.php(1634): Illuminate\Database\Query\Builder->runSelect()
#4 C:\Users\Yassine Ben Slimane\Sites\kylogger\vendor\laravel\framework\src\Illuminate\Database\Eloquent\Builder.php(638): Illuminate\Database\Query\Builder->get(Array)
#5 C:\Users\Yassine Ben Slimane\Sites\kylogger\vendor\laravel\framework\src\Illuminate\Database\Eloquent\Builder.php(327): Illuminate\Database\Eloquent\Builder->getModels(Array)
#6 C:\Users\Yassine Ben Slimane\Sites\kylogger\vendor\laravel\framework\src\Illuminate\Database\Eloquent\Builder.php(297): Illuminate\Database\Eloquent\Builder->get(Array)
#7 C:\Users\Yassine Ben Slimane\Sites\kylogger\vendor\laravel\framework\src\Illuminate\Auth\EloquentUserProvider.php(104): Illuminate\Database\Eloquent\Builder->first()
#8 C:\Users\Yassine Ben Slimane\Sites\kylogger\vendor\laravel\framework\src\Illuminate\Auth\SessionGuard.php(353): Illuminate\Auth\EloquentUserProvider->retrieveByCredentials(Array)
#9 C:\Users\Yassine Ben Slimane\Sites\kylogger\vendor\laravel\framework\src\Illuminate\Foundation\Auth\AuthenticatesUsers.php(76): Illuminate\Auth\SessionGuard->attempt(Array, false)
#10 C:\Users\Yassine Ben Slimane\Sites\kylogger\vendor\laravel\framework\src\Illuminate\Foundation\Auth\AuthenticatesUsers.php(42): App\Http\Controllers\Frontend\Auth\LoginController->attemptLogin(Object(Illuminate\Http\Request))
#11 [internal function]: App\Http\Controllers\Frontend\Auth\LoginController->login(Object(Illuminate\Http\Request))
#12 C:\Users\Yassine Ben Slimane\Sites\kylogger\vendor\laravel\framework\src\Illuminate\Routing\Controller.php(55): call_user_func_array(Array, Array)
#13 C:\Users\Yassine Ben Slimane\Sites\kylogger\vendor\laravel\framework\src\Illuminate\Routing\ControllerDispatcher.php(44): Illuminate\Routing\Controller->callAction('login', Array)
#14 C:\Users\Yassine Ben Slimane\Sites\kylogger\vendor\laravel\framework\src\Illuminate\Routing\Route.php(189): Illuminate\Routing\ControllerDispatcher->dispatch(Object(Illuminate\Routing\Route), Object(App\Http\Controllers\Frontend\Auth\LoginController), 'login')
#15 C:\Users\Yassine Ben Slimane\Sites\kylogger\vendor\laravel\framework\src\Illuminate\Routing\Route.php(144): Illuminate\Routing\Route->runController()
#16 C:\Users\Yassine Ben Slimane\Sites\kylogger\vendor\laravel\framework\src\Illuminate\Routing\Router.php(653): Illuminate\Routing\Route->run(Object(Illuminate\Http\Request))
#17 C:\Users\Yassine Ben Slimane\Sites\kylogger\vendor\laravel\framework\src\Illuminate\Routing\Pipeline.php(53): Illuminate\Routing\Router->Illuminate\Routing\{closure}(Object(Illuminate\Http\Request))
#18 C:\Users\Yassine Ben Slimane\Sites\kylogger\app\Http\Middleware\RedirectIfAuthenticated.php(28): Illuminate\Routing\Pipeline->Illuminate\Routing\{closure}(Object(Illuminate\Http\Request))
#19 C:\Users\Yassine Ben Slimane\Sites\kylogger\vendor\laravel\framework\src\Illuminate\Pipeline\Pipeline.php(137): App\Http\Middleware\RedirectIfAuthenticated->handle(Object(Illuminate\Http\Request), Object(Closure))
#20 C:\Users\Yassine Ben Slimane\Sites\kylogger\vendor\laravel\framework\src\Illuminate\Routing\Pipeline.php(33): Illuminate\Pipeline\Pipeline->Illuminate\Pipeline\{closure}(Object(Illuminate\Http\Request))
#21 C:\Users\Yassine Ben Slimane\Sites\kylogger\app\Http\Middleware\LocaleMiddleware.php(57): Illuminate\Routing\Pipeline->Illuminate\Routing\{closure}(Object(Illuminate\Http\Request))
#22 C:\Users\Yassine Ben Slimane\Sites\kylogger\vendor\laravel\framework\src\Illuminate\Pipeline\Pipeline.php(137): App\Http\Middleware\LocaleMiddleware->handle(Object(Illuminate\Http\Request), Object(Closure))
#23 C:\Users\Yassine Ben Slimane\Sites\kylogger\vendor\laravel\framework\src\Illuminate\Routing\Pipeline.php(33): Illuminate\Pipeline\Pipeline->Illuminate\Pipeline\{closure}(Object(Illuminate\Http\Request))
#24 C:\Users\Yassine Ben Slimane\Sites\kylogger\vendor\laravel\framework\src\Illuminate\Routing\Middleware\SubstituteBindings.php(41): Illuminate\Routing\Pipeline->Illuminate\Routing\{closure}(Object(Illuminate\Http\Request))
#25 C:\Users\Yassine Ben Slimane\Sites\kylogger\vendor\laravel\framework\src\Illuminate\Pipeline\Pipeline.php(137): Illuminate\Routing\Middleware\SubstituteBindings->handle(Object(Illuminate\Http\Request), Object(Closure))
#26 C:\Users\Yassine Ben Slimane\Sites\kylogger\vendor\laravel\framework\src\Illuminate\Routing\Pipeline.php(33): Illuminate\Pipeline\Pipeline->Illuminate\Pipeline\{closure}(Object(Illuminate\Http\Request))
#27 C:\Users\Yassine Ben Slimane\Sites\kylogger\vendor\laravel\framework\src\Illuminate\Foundation\Http\Middleware\VerifyCsrfToken.php(65): Illuminate\Routing\Pipeline->Illuminate\Routing\{closure}(Object(Illuminate\Http\Request))
#28 C:\Users\Yassine Ben Slimane\Sites\kylogger\vendor\laravel\framework\src\Illuminate\Pipeline\Pipeline.php(137): Illuminate\Foundation\Http\Middleware\VerifyCsrfToken->handle(Object(Illuminate\Http\Request), Object(Closure))
#29 C:\Users\Yassine Ben Slimane\Sites\kylogger\vendor\laravel\framework\src\Illuminate\Routing\Pipeline.php(33): Illuminate\Pipeline\Pipeline->Illuminate\Pipeline\{closure}(Object(Illuminate\Http\Request))
#30 C:\Users\Yassine Ben Slimane\Sites\kylogger\vendor\laravel\framework\src\Illuminate\View\Middleware\ShareErrorsFromSession.php(49): Illuminate\Routing\Pipeline->Illuminate\Routing\{closure}(Object(Illuminate\Http\Request))
#31 C:\Users\Yassine Ben Slimane\Sites\kylogger\vendor\laravel\framework\src\Illuminate\Pipeline\Pipeline.php(137): Illuminate\View\Middleware\ShareErrorsFromSession->handle(Object(Illuminate\Http\Request), Object(Closure))
#32 C:\Users\Yassine Ben Slimane\Sites\kylogger\vendor\laravel\framework\src\Illuminate\Routing\Pipeline.php(33): Illuminate\Pipeline\Pipeline->Illuminate\Pipeline\{closure}(Object(Illuminate\Http\Request))
#33 C:\Users\Yassine Ben Slimane\Sites\kylogger\vendor\laravel\framework\src\Illuminate\Session\Middleware\StartSession.php(64): Illuminate\Routing\Pipeline->Illuminate\Routing\{closure}(Object(Illuminate\Http\Request))
#34 C:\Users\Yassine Ben Slimane\Sites\kylogger\vendor\laravel\framework\src\Illuminate\Pipeline\Pipeline.php(137): Illuminate\Session\Middleware\StartSession->handle(Object(Illuminate\Http\Request), Object(Closure))
#35 C:\Users\Yassine Ben Slimane\Sites\kylogger\vendor\laravel\framework\src\Illuminate\Routing\Pipeline.php(33): Illuminate\Pipeline\Pipeline->Illuminate\Pipeline\{closure}(Object(Illuminate\Http\Request))
#36 C:\Users\Yassine Ben Slimane\Sites\kylogger\vendor\laravel\framework\src\Illuminate\Cookie\Middleware\AddQueuedCookiesToResponse.php(37): Illuminate\Routing\Pipeline->Illuminate\Routing\{closure}(Object(Illuminate\Http\Request))
#37 C:\Users\Yassine Ben Slimane\Sites\kylogger\vendor\laravel\framework\src\Illuminate\Pipeline\Pipeline.php(137): Illuminate\Cookie\Middleware\AddQueuedCookiesToResponse->handle(Object(Illuminate\Http\Request), Object(Closure))
#38 C:\Users\Yassine Ben Slimane\Sites\kylogger\vendor\laravel\framework\src\Illuminate\Routing\Pipeline.php(33): Illuminate\Pipeline\Pipeline->Illuminate\Pipeline\{closure}(Object(Illuminate\Http\Request))
#39 C:\Users\Yassine Ben Slimane\Sites\kylogger\vendor\laravel\framework\src\Illuminate\Cookie\Middleware\EncryptCookies.php(59): Illuminate\Routing\Pipeline->Illuminate\Routing\{closure}(Object(Illuminate\Http\Request))
#40 C:\Users\Yassine Ben Slimane\Sites\kylogger\vendor\laravel\framework\src\Illuminate\Pipeline\Pipeline.php(137): Illuminate\Cookie\Middleware\EncryptCookies->handle(Object(Illuminate\Http\Request), Object(Closure))
#41 C:\Users\Yassine Ben Slimane\Sites\kylogger\vendor\laravel\framework\src\Illuminate\Routing\Pipeline.php(33): Illuminate\Pipeline\Pipeline->Illuminate\Pipeline\{closure}(Object(Illuminate\Http\Request))
#42 C:\Users\Yassine Ben Slimane\Sites\kylogger\vendor\laravel\framework\src\Illuminate\Pipeline\Pipeline.php(104): Illuminate\Routing\Pipeline->Illuminate\Routing\{closure}(Object(Illuminate\Http\Request))
#43 C:\Users\Yassine Ben Slimane\Sites\kylogger\vendor\laravel\framework\src\Illuminate\Routing\Router.php(655): Illuminate\Pipeline\Pipeline->then(Object(Closure))
#44 C:\Users\Yassine Ben Slimane\Sites\kylogger\vendor\laravel\framework\src\Illuminate\Routing\Router.php(629): Illuminate\Routing\Router->runRouteWithinStack(Object(Illuminate\Routing\Route), Object(Illuminate\Http\Request))
#45 C:\Users\Yassine Ben Slimane\Sites\kylogger\vendor\laravel\framework\src\Illuminate\Routing\Router.php(607): Illuminate\Routing\Router->dispatchToRoute(Object(Illuminate\Http\Request))
#46 C:\Users\Yassine Ben Slimane\Sites\kylogger\vendor\laravel\framework\src\Illuminate\Foundation\Http\Kernel.php(268): Illuminate\Routing\Router->dispatch(Object(Illuminate\Http\Request))
#47 C:\Users\Yassine Ben Slimane\Sites\kylogger\vendor\laravel\framework\src\Illuminate\Routing\Pipeline.php(53): Illuminate\Foundation\Http\Kernel->Illuminate\Foundation\Http\{closure}(Object(Illuminate\Http\Request))
#48 C:\Users\Yassine Ben Slimane\Sites\kylogger\vendor\barryvdh\laravel-debugbar\src\Middleware\Debugbar.php(51): Illuminate\Routing\Pipeline->Illuminate\Routing\{closure}(Object(Illuminate\Http\Request))
#49 C:\Users\Yassine Ben Slimane\Sites\kylogger\vendor\laravel\framework\src\Illuminate\Pipeline\Pipeline.php(137): Barryvdh\Debugbar\Middleware\Debugbar->handle(Object(Illuminate\Http\Request), Object(Closure))
#50 C:\Users\Yassine Ben Slimane\Sites\kylogger\vendor\laravel\framework\src\Illuminate\Routing\Pipeline.php(33): Illuminate\Pipeline\Pipeline->Illuminate\Pipeline\{closure}(Object(Illuminate\Http\Request))
#51 C:\Users\Yassine Ben Slimane\Sites\kylogger\vendor\laravel\framework\src\Illuminate\Foundation\Http\Middleware\CheckForMaintenanceMode.php(46): Illuminate\Routing\Pipeline->Illuminate\Routing\{closure}(Object(Illuminate\Http\Request))
#52 C:\Users\Yassine Ben Slimane\Sites\kylogger\vendor\laravel\framework\src\Illuminate\Pipeline\Pipeline.php(137): Illuminate\Foundation\Http\Middleware\CheckForMaintenanceMode->handle(Object(Illuminate\Http\Request), Object(Closure))
#53 C:\Users\Yassine Ben Slimane\Sites\kylogger\vendor\laravel\framework\src\Illuminate\Routing\Pipeline.php(33): Illuminate\Pipeline\Pipeline->Illuminate\Pipeline\{closure}(Object(Illuminate\Http\Request))
#54 C:\Users\Yassine Ben Slimane\Sites\kylogger\vendor\laravel\framework\src\Illuminate\Pipeline\Pipeline.php(104): Illuminate\Routing\Pipeline->Illuminate\Routing\{closure}(Object(Illuminate\Http\Request))
#55 C:\Users\Yassine Ben Slimane\Sites\kylogger\vendor\laravel\framework\src\Illuminate\Foundation\Http\Kernel.php(150): Illuminate\Pipeline\Pipeline->then(Object(Closure))
#56 C:\Users\Yassine Ben Slimane\Sites\kylogger\vendor\laravel\framework\src\Illuminate\Foundation\Http\Kernel.php(117): Illuminate\Foundation\Http\Kernel->sendRequestThroughRouter(Object(Illuminate\Http\Request))
#57 C:\Users\Yassine Ben Slimane\Sites\kylogger\public\index.php(52): Illuminate\Foundation\Http\Kernel->handle(Object(Illuminate\Http\Request))
#58 C:\Users\Yassine Ben Slimane\Sites\kylogger\server.php(19): require_once('C:\\Users\\Yassin...')
#59 {main}  
