[2017-12-24 18:57:56] local.INFO: User Logged In: System Admin  
[2017-12-24 18:59:37] local.ERROR: ReflectionException: Method App\Http\Controllers\Backend\Ticket\TicketController::edit() does not exist in /home/vagrant/Sites/kylogger/vendor/laravel/framework/src/Illuminate/Routing/Route.php:333
Stack trace:
#0 /home/vagrant/Sites/kylogger/vendor/laravel/framework/src/Illuminate/Routing/Route.php(333): ReflectionMethod->__construct('App\\Http\\Contro...', 'edit')
#1 /home/vagrant/Sites/kylogger/vendor/laravel/framework/src/Illuminate/Routing/Router.php(800): Illuminate\Routing\Route->signatureParameters('Illuminate\\Data...')
#2 /home/vagrant/Sites/kylogger/vendor/laravel/framework/src/Illuminate/Routing/Middleware/SubstituteBindings.php(39): Illuminate\Routing\Router->substituteImplicitBindings(Object(Illuminate\Routing\Route))
#3 /home/vagrant/Sites/kylogger/vendor/laravel/framework/src/Illuminate/Pipeline/Pipeline.php(137): Illuminate\Routing\Middleware\SubstituteBindings->handle(Object(Illuminate\Http\Request), Object(Closure))
#4 /home/vagrant/Sites/kylogger/vendor/laravel/framework/src/Illuminate/Routing/Pipeline.php(33): Illuminate\Pipeline\Pipeline->Illuminate\Pipeline\{closure}(Object(Illuminate\Http\Request))
#5 /home/vagrant/Sites/kylogger/vendor/laravel/framework/src/Illuminate/Auth/Middleware/Authenticate.php(43): Illuminate\Routing\Pipeline->Illuminate\Routing\{closure}(Object(Illuminate\Http\Request))
#6 /home/vagrant/Sites/kylogger/vendor/laravel/framework/src/Illuminate/Pipeline/Pipeline.php(137): Illuminate\Auth\Middleware\Authenticate->handle(Object(Illuminate\Http\Request), Object(Closure))
#7 /home/vagrant/Sites/kylogger/vendor/laravel/framework/src/Illuminate/Routing/Pipeline.php(33): Illuminate\Pipeline\Pipeline->Illuminate\Pipeline\{closure}(Object(Illuminate\Http\Request))
#8 /home/vagrant/Sites/kylogger/vendor/laravel/framework/src/Illuminate/Foundation/Http/Middleware/VerifyCsrfToken.php(65): Illuminate\Routing\Pipeline->Illuminate\Routing\{closure}(Object(Illuminate\Http\Request))
#9 /home/vagrant/Sites/kylogger/vendor/laravel/framework/src/Illuminate/Pipeline/Pipeline.php(137): Illuminate\Foundation\Http\Middleware\VerifyCsrfToken->handle(Object(Illuminate\Http\Request), Object(Closure))
#10 /home/vagrant/Sites/kylogger/vendor/laravel/framework/src/Illuminate/Routing/Pipeline.php(33): Illuminate\Pipeline\Pipeline->Illuminate\Pipeline\{closure}(Object(Illuminate\Http\Request))
#11 /home/vagrant/Sites/kylogger/vendor/laravel/framework/src/Illuminate/View/Middleware/ShareErrorsFromSession.php(49): Illuminate\Routing\Pipeline->Illuminate\Routing\{closure}(Object(Illuminate\Http\Request))
#12 /home/vagrant/Sites/kylogger/vendor/laravel/framework/src/Illuminate/Pipeline/Pipeline.php(137): Illuminate\View\Middleware\ShareErrorsFromSession->handle(Object(Illuminate\Http\Request), Object(Closure))
#13 /home/vagrant/Sites/kylogger/vendor/laravel/framework/src/Illuminate/Routing/Pipeline.php(33): Illuminate\Pipeline\Pipeline->Illuminate\Pipeline\{closure}(Object(Illuminate\Http\Request))
#14 /home/vagrant/Sites/kylogger/vendor/laravel/framework/src/Illuminate/Session/Middleware/StartSession.php(64): Illuminate\Routing\Pipeline->Illuminate\Routing\{closure}(Object(Illuminate\Http\Request))
#15 /home/vagrant/Sites/kylogger/vendor/laravel/framework/src/Illuminate/Pipeline/Pipeline.php(137): Illuminate\Session\Middleware\StartSession->handle(Object(Illuminate\Http\Request), Object(Closure))
#16 /home/vagrant/Sites/kylogger/vendor/laravel/framework/src/Illuminate/Routing/Pipeline.php(33): Illuminate\Pipeline\Pipeline->Illuminate\Pipeline\{closure}(Object(Illuminate\Http\Request))
#17 /home/vagrant/Sites/kylogger/vendor/laravel/framework/src/Illuminate/Cookie/Middleware/AddQueuedCookiesToResponse.php(37): Illuminate\Routing\Pipeline->Illuminate\Routing\{closure}(Object(Illuminate\Http\Request))
#18 /home/vagrant/Sites/kylogger/vendor/laravel/framework/src/Illuminate/Pipeline/Pipeline.php(137): Illuminate\Cookie\Middleware\AddQueuedCookiesToResponse->handle(Object(Illuminate\Http\Request), Object(Closure))
#19 /home/vagrant/Sites/kylogger/vendor/laravel/framework/src/Illuminate/Routing/Pipeline.php(33): Illuminate\Pipeline\Pipeline->Illuminate\Pipeline\{closure}(Object(Illuminate\Http\Request))
#20 /home/vagrant/Sites/kylogger/vendor/laravel/framework/src/Illuminate/Cookie/Middleware/EncryptCookies.php(59): Illuminate\Routing\Pipeline->Illuminate\Routing\{closure}(Object(Illuminate\Http\Request))
#21 /home/vagrant/Sites/kylogger/vendor/laravel/framework/src/Illuminate/Pipeline/Pipeline.php(137): Illuminate\Cookie\Middleware\EncryptCookies->handle(Object(Illuminate\Http\Request), Object(Closure))
#22 /home/vagrant/Sites/kylogger/vendor/laravel/framework/src/Illuminate/Routing/Pipeline.php(33): Illuminate\Pipeline\Pipeline->Illuminate\Pipeline\{closure}(Object(Illuminate\Http\Request))
#23 /home/vagrant/Sites/kylogger/vendor/laravel/framework/src/Illuminate/Pipeline/Pipeline.php(104): Illuminate\Routing\Pipeline->Illuminate\Routing\{closure}(Object(Illuminate\Http\Request))
#24 /home/vagrant/Sites/kylogger/vendor/laravel/framework/src/Illuminate/Routing/Router.php(655): Illuminate\Pipeline\Pipeline->then(Object(Closure))
#25 /home/vagrant/Sites/kylogger/vendor/laravel/framework/src/Illuminate/Routing/Router.php(629): Illuminate\Routing\Router->runRouteWithinStack(Object(Illuminate\Routing\Route), Object(Illuminate\Http\Request))
#26 /home/vagrant/Sites/kylogger/vendor/laravel/framework/src/Illuminate/Routing/Router.php(607): Illuminate\Routing\Router->dispatchToRoute(Object(Illuminate\Http\Request))
#27 /home/vagrant/Sites/kylogger/vendor/laravel/framework/src/Illuminate/Foundation/Http/Kernel.php(268): Illuminate\Routing\Router->dispatch(Object(Illuminate\Http\Request))
#28 /home/vagrant/Sites/kylogger/vendor/laravel/framework/src/Illuminate/Routing/Pipeline.php(53): Illuminate\Foundation\Http\Kernel->Illuminate\Foundation\Http\{closure}(Object(Illuminate\Http\Request))
#29 /home/vagrant/Sites/kylogger/vendor/barryvdh/laravel-debugbar/src/Middleware/Debugbar.php(51): Illuminate\Routing\Pipeline->Illuminate\Routing\{closure}(Object(Illuminate\Http\Request))
#30 /home/vagrant/Sites/kylogger/vendor/laravel/framework/src/Illuminate/Pipeline/Pipeline.php(137): Barryvdh\Debugbar\Middleware\Debugbar->handle(Object(Illuminate\Http\Request), Object(Closure))
#31 /home/vagrant/Sites/kylogger/vendor/laravel/framework/src/Illuminate/Routing/Pipeline.php(33): Illuminate\Pipeline\Pipeline->Illuminate\Pipeline\{closure}(Object(Illuminate\Http\Request))
#32 /home/vagrant/Sites/kylogger/vendor/laravel/framework/src/Illuminate/Foundation/Http/Middleware/CheckForMaintenanceMode.php(46): Illuminate\Routing\Pipeline->Illuminate\Routing\{closure}(Object(Illuminate\Http\Request))
#33 /home/vagrant/Sites/kylogger/vendor/laravel/framework/src/Illuminate/Pipeline/Pipeline.php(137): Illuminate\Foundation\Http\Middleware\CheckForMaintenanceMode->handle(Object(Illuminate\Http\Request), Object(Closure))
#34 /home/vagrant/Sites/kylogger/vendor/laravel/framework/src/Illuminate/Routing/Pipeline.php(33): Illuminate\Pipeline\Pipeline->Illuminate\Pipeline\{closure}(Object(Illuminate\Http\Request))
#35 /home/vagrant/Sites/kylogger/vendor/laravel/framework/src/Illuminate/Pipeline/Pipeline.php(104): Illuminate\Routing\Pipeline->Illuminate\Routing\{closure}(Object(Illuminate\Http\Request))
#36 /home/vagrant/Sites/kylogger/vendor/laravel/framework/src/Illuminate/Foundation/Http/Kernel.php(150): Illuminate\Pipeline\Pipeline->then(Object(Closure))
#37 /home/vagrant/Sites/kylogger/vendor/laravel/framework/src/Illuminate/Foundation/Http/Kernel.php(117): Illuminate\Foundation\Http\Kernel->sendRequestThroughRouter(Object(Illuminate\Http\Request))
#38 /home/vagrant/Sites/kylogger/public/index.php(52): Illuminate\Foundation\Http\Kernel->handle(Object(Illuminate\Http\Request))
#39 {main}  
